<?xml version="1.0" encoding="UTF-8"?>
<testng-results skipped="0" failed="1" ignored="0" total="4" passed="3">
  <reporter-output>
  </reporter-output>
  <suite name="Default suite" duration-ms="59784" started-at="2020-05-18T21:46:02Z" finished-at="2020-05-18T21:47:02Z">
    <groups>
    </groups>
    <test name="Default test" duration-ms="59784" started-at="2020-05-18T21:46:02Z" finished-at="2020-05-18T21:47:02Z">
      <class name="tests.SearchTest">
        <test-method status="PASS" signature="setUp()[pri:0, instance:tests.SearchTest@4b9e13df]" name="setUp" is-config="true" duration-ms="7930" started-at="2020-05-18T17:46:02Z" finished-at="2020-05-18T17:46:10Z">
          <reporter-output>
          </reporter-output>
        </test-method> <!-- setUp -->
        <test-method status="PASS" signature="productSearch()[pri:1, instance:tests.SearchTest@4b9e13df]" name="productSearch" duration-ms="4302" started-at="2020-05-18T17:46:10Z" finished-at="2020-05-18T17:46:14Z">
          <reporter-output>
          </reporter-output>
        </test-method> <!-- productSearch -->
        <test-method status="PASS" signature="tearDown()[pri:0, instance:tests.SearchTest@4b9e13df]" name="tearDown" is-config="true" duration-ms="294" started-at="2020-05-18T17:46:14Z" finished-at="2020-05-18T17:46:15Z">
          <reporter-output>
          </reporter-output>
        </test-method> <!-- tearDown -->
        <test-method status="PASS" signature="setUp()[pri:0, instance:tests.SearchTest@4b9e13df]" name="setUp" is-config="true" duration-ms="6235" started-at="2020-05-18T17:46:15Z" finished-at="2020-05-18T17:46:21Z">
          <reporter-output>
          </reporter-output>
        </test-method> <!-- setUp -->
        <test-method status="PASS" signature="verifyCart()[pri:2, instance:tests.SearchTest@4b9e13df]" name="verifyCart" duration-ms="12472" started-at="2020-05-18T17:46:21Z" finished-at="2020-05-18T17:46:33Z">
          <reporter-output>
          </reporter-output>
        </test-method> <!-- verifyCart -->
        <test-method status="PASS" signature="tearDown()[pri:0, instance:tests.SearchTest@4b9e13df]" name="tearDown" is-config="true" duration-ms="275" started-at="2020-05-18T17:46:33Z" finished-at="2020-05-18T17:46:34Z">
          <reporter-output>
          </reporter-output>
        </test-method> <!-- tearDown -->
        <test-method status="PASS" signature="setUp()[pri:0, instance:tests.SearchTest@4b9e13df]" name="setUp" is-config="true" duration-ms="6253" started-at="2020-05-18T17:46:34Z" finished-at="2020-05-18T17:46:40Z">
          <reporter-output>
          </reporter-output>
        </test-method> <!-- setUp -->
        <test-method status="FAIL" signature="verifyFilterPromotion()[pri:3, instance:tests.SearchTest@4b9e13df]" name="verifyFilterPromotion" duration-ms="4539" started-at="2020-05-18T17:46:40Z" finished-at="2020-05-18T17:46:44Z">
          <exception class="java.lang.AssertionError">
            <message>
              <![CDATA[expected [true] but found [false]]]>
            </message>
            <full-stacktrace>
              <![CDATA[java.lang.AssertionError: expected [true] but found [false]
	at org.testng.Assert.fail(Assert.java:93)
	at org.testng.Assert.failNotEquals(Assert.java:512)
	at org.testng.Assert.assertTrue(Assert.java:41)
	at org.testng.Assert.assertTrue(Assert.java:51)
	at tests.SearchTest.verifyFilterPromotion(SearchTest.java:45)
	at sun.reflect.NativeMethodAccessorImpl.invoke0(Native Method)
	at sun.reflect.NativeMethodAccessorImpl.invoke(NativeMethodAccessorImpl.java:62)
	at sun.reflect.DelegatingMethodAccessorImpl.invoke(DelegatingMethodAccessorImpl.java:43)
	at java.lang.reflect.Method.invoke(Method.java:498)
	at org.testng.internal.MethodInvocationHelper.invokeMethod(MethodInvocationHelper.java:108)
	at org.testng.internal.Invoker.invokeMethod(Invoker.java:661)
	at org.testng.internal.Invoker.invokeTestMethod(Invoker.java:869)
	at org.testng.internal.Invoker.invokeTestMethods(Invoker.java:1193)
	at org.testng.internal.TestMethodWorker.invokeTestMethods(TestMethodWorker.java:126)
	at org.testng.internal.TestMethodWorker.run(TestMethodWorker.java:109)
	at org.testng.TestRunner.privateRun(TestRunner.java:744)
	at org.testng.TestRunner.run(TestRunner.java:602)
	at org.testng.SuiteRunner.runTest(SuiteRunner.java:380)
	at org.testng.SuiteRunner.runSequentially(SuiteRunner.java:375)
	at org.testng.SuiteRunner.privateRun(SuiteRunner.java:340)
	at org.testng.SuiteRunner.run(SuiteRunner.java:289)
	at org.testng.SuiteRunnerWorker.runSuite(SuiteRunnerWorker.java:52)
	at org.testng.SuiteRunnerWorker.run(SuiteRunnerWorker.java:86)
	at org.testng.TestNG.runSuitesSequentially(TestNG.java:1301)
	at org.testng.TestNG.runSuitesLocally(TestNG.java:1226)
	at org.testng.TestNG.runSuites(TestNG.java:1144)
	at org.testng.TestNG.run(TestNG.java:1115)
	at org.testng.remote.AbstractRemoteTestNG.run(AbstractRemoteTestNG.java:115)
	at org.testng.remote.RemoteTestNG.initAndRun(RemoteTestNG.java:251)
	at org.testng.remote.RemoteTestNG.main(RemoteTestNG.java:77)
]]>
            </full-stacktrace>
          </exception> <!-- java.lang.AssertionError -->
          <reporter-output>
          </reporter-output>
        </test-method> <!-- verifyFilterPromotion -->
        <test-method status="PASS" signature="tearDown()[pri:0, instance:tests.SearchTest@4b9e13df]" name="tearDown" is-config="true" duration-ms="304" started-at="2020-05-18T17:46:44Z" finished-at="2020-05-18T17:46:45Z">
          <reporter-output>
          </reporter-output>
        </test-method> <!-- tearDown -->
        <test-method status="PASS" signature="setUp()[pri:0, instance:tests.SearchTest@4b9e13df]" name="setUp" is-config="true" duration-ms="7596" started-at="2020-05-18T17:46:45Z" finished-at="2020-05-18T17:46:52Z">
          <reporter-output>
          </reporter-output>
        </test-method> <!-- setUp -->
        <test-method status="PASS" signature="verifyLocation()[pri:4, instance:tests.SearchTest@4b9e13df]" name="verifyLocation" duration-ms="9291" started-at="2020-05-18T17:46:52Z" finished-at="2020-05-18T17:47:02Z">
          <reporter-output>
          </reporter-output>
        </test-method> <!-- verifyLocation -->
        <test-method status="PASS" signature="tearDown()[pri:0, instance:tests.SearchTest@4b9e13df]" name="tearDown" is-config="true" duration-ms="258" started-at="2020-05-18T17:47:02Z" finished-at="2020-05-18T17:47:02Z">
          <reporter-output>
          </reporter-output>
        </test-method> <!-- tearDown -->
      </class> <!-- tests.SearchTest -->
    </test> <!-- Default test -->
  </suite> <!-- Default suite -->
</testng-results>
